running egg_info
creating ../../build/my_py_pkg/my_py_pkg.egg-info
writing ../../build/my_py_pkg/my_py_pkg.egg-info/PKG-INFO
writing dependency_links to ../../build/my_py_pkg/my_py_pkg.egg-info/dependency_links.txt
writing entry points to ../../build/my_py_pkg/my_py_pkg.egg-info/entry_points.txt
writing requirements to ../../build/my_py_pkg/my_py_pkg.egg-info/requires.txt
writing top-level names to ../../build/my_py_pkg/my_py_pkg.egg-info/top_level.txt
writing manifest file '../../build/my_py_pkg/my_py_pkg.egg-info/SOURCES.txt'
reading manifest file '../../build/my_py_pkg/my_py_pkg.egg-info/SOURCES.txt'
adding license file 'LICENSE'
writing manifest file '../../build/my_py_pkg/my_py_pkg.egg-info/SOURCES.txt'
running build
running build_py
creating /home/helal/ARTPARK_Assignment/Task 1/ros2_ws/build/my_py_pkg/build
creating /home/helal/ARTPARK_Assignment/Task 1/ros2_ws/build/my_py_pkg/build/lib
creating /home/helal/ARTPARK_Assignment/Task 1/ros2_ws/build/my_py_pkg/build/lib/my_py_pkg
copying my_py_pkg/publisher_node.py -> /home/helal/ARTPARK_Assignment/Task 1/ros2_ws/build/my_py_pkg/build/lib/my_py_pkg
copying my_py_pkg/subscriber_node.py -> /home/helal/ARTPARK_Assignment/Task 1/ros2_ws/build/my_py_pkg/build/lib/my_py_pkg
copying my_py_pkg/__init__.py -> /home/helal/ARTPARK_Assignment/Task 1/ros2_ws/build/my_py_pkg/build/lib/my_py_pkg
running install
running install_lib
creating /home/helal/ARTPARK_Assignment/Task 1/ros2_ws/install/my_py_pkg/lib/python3.12/site-packages/my_py_pkg
copying /home/helal/ARTPARK_Assignment/Task 1/ros2_ws/build/my_py_pkg/build/lib/my_py_pkg/publisher_node.py -> /home/helal/ARTPARK_Assignment/Task 1/ros2_ws/install/my_py_pkg/lib/python3.12/site-packages/my_py_pkg
copying /home/helal/ARTPARK_Assignment/Task 1/ros2_ws/build/my_py_pkg/build/lib/my_py_pkg/subscriber_node.py -> /home/helal/ARTPARK_Assignment/Task 1/ros2_ws/install/my_py_pkg/lib/python3.12/site-packages/my_py_pkg
copying /home/helal/ARTPARK_Assignment/Task 1/ros2_ws/build/my_py_pkg/build/lib/my_py_pkg/__init__.py -> /home/helal/ARTPARK_Assignment/Task 1/ros2_ws/install/my_py_pkg/lib/python3.12/site-packages/my_py_pkg
byte-compiling /home/helal/ARTPARK_Assignment/Task 1/ros2_ws/install/my_py_pkg/lib/python3.12/site-packages/my_py_pkg/publisher_node.py to publisher_node.cpython-312.pyc
byte-compiling /home/helal/ARTPARK_Assignment/Task 1/ros2_ws/install/my_py_pkg/lib/python3.12/site-packages/my_py_pkg/subscriber_node.py to subscriber_node.cpython-312.pyc
byte-compiling /home/helal/ARTPARK_Assignment/Task 1/ros2_ws/install/my_py_pkg/lib/python3.12/site-packages/my_py_pkg/__init__.py to __init__.cpython-312.pyc
running install_data
creating /home/helal/ARTPARK_Assignment/Task 1/ros2_ws/install/my_py_pkg/share/ament_index
creating /home/helal/ARTPARK_Assignment/Task 1/ros2_ws/install/my_py_pkg/share/ament_index/resource_index
creating /home/helal/ARTPARK_Assignment/Task 1/ros2_ws/install/my_py_pkg/share/ament_index/resource_index/packages
copying resource/my_py_pkg -> /home/helal/ARTPARK_Assignment/Task 1/ros2_ws/install/my_py_pkg/share/ament_index/resource_index/packages
copying package.xml -> /home/helal/ARTPARK_Assignment/Task 1/ros2_ws/install/my_py_pkg/share/my_py_pkg
running install_egg_info
Copying ../../build/my_py_pkg/my_py_pkg.egg-info to /home/helal/ARTPARK_Assignment/Task 1/ros2_ws/install/my_py_pkg/lib/python3.12/site-packages/my_py_pkg-0.0.0-py3.12.egg-info
running install_scripts
Installing listener_node script to /home/helal/ARTPARK_Assignment/Task 1/ros2_ws/install/my_py_pkg/lib/my_py_pkg
Installing publisher_node script to /home/helal/ARTPARK_Assignment/Task 1/ros2_ws/install/my_py_pkg/lib/my_py_pkg
writing list of installed files to '/home/helal/ARTPARK_Assignment/Task 1/ros2_ws/build/my_py_pkg/install.log'
