[0.846s] Invoking command in '/home/helal/ARTPARK_Assignment/Task 1/ros2_ws/src/my_py_pkg': DEBUGINFOD_URLS=https://debuginfod.ubuntu.com PYTHONPATH=/home/helal/ARTPARK_Assignment/Task 1/ros2_ws/build/my_py_pkg/prefix_override:/usr/lib/python3/dist-packages/colcon_core/task/python/colcon_distutils_commands:/home/helal/ARTPARK_Assignment/Task 1/ros2_ws/install/my_py_pkg/lib/python3.12/site-packages:${PYTHONPATH} /usr/bin/python3 -W ignore:setup.py install is deprecated setup.py egg_info --egg-base ../../build/my_py_pkg build --build-base /home/helal/ARTPARK_Assignment/Task 1/ros2_ws/build/my_py_pkg/build install --record /home/helal/ARTPARK_Assignment/Task 1/ros2_ws/build/my_py_pkg/install.log --single-version-externally-managed install_data
[1.096s] running egg_info
[1.096s] creating ../../build/my_py_pkg/my_py_pkg.egg-info
[1.117s] writing ../../build/my_py_pkg/my_py_pkg.egg-info/PKG-INFO
[1.117s] writing dependency_links to ../../build/my_py_pkg/my_py_pkg.egg-info/dependency_links.txt
[1.117s] writing entry points to ../../build/my_py_pkg/my_py_pkg.egg-info/entry_points.txt
[1.117s] writing requirements to ../../build/my_py_pkg/my_py_pkg.egg-info/requires.txt
[1.117s] writing top-level names to ../../build/my_py_pkg/my_py_pkg.egg-info/top_level.txt
[1.117s] writing manifest file '../../build/my_py_pkg/my_py_pkg.egg-info/SOURCES.txt'
[1.158s] reading manifest file '../../build/my_py_pkg/my_py_pkg.egg-info/SOURCES.txt'
[1.158s] adding license file 'LICENSE'
[1.158s] writing manifest file '../../build/my_py_pkg/my_py_pkg.egg-info/SOURCES.txt'
[1.158s] running build
[1.158s] running build_py
[1.158s] creating /home/helal/ARTPARK_Assignment/Task 1/ros2_ws/build/my_py_pkg/build
[1.159s] creating /home/helal/ARTPARK_Assignment/Task 1/ros2_ws/build/my_py_pkg/build/lib
[1.159s] creating /home/helal/ARTPARK_Assignment/Task 1/ros2_ws/build/my_py_pkg/build/lib/my_py_pkg
[1.159s] copying my_py_pkg/publisher_node.py -> /home/helal/ARTPARK_Assignment/Task 1/ros2_ws/build/my_py_pkg/build/lib/my_py_pkg
[1.159s] copying my_py_pkg/subscriber_node.py -> /home/helal/ARTPARK_Assignment/Task 1/ros2_ws/build/my_py_pkg/build/lib/my_py_pkg
[1.159s] copying my_py_pkg/__init__.py -> /home/helal/ARTPARK_Assignment/Task 1/ros2_ws/build/my_py_pkg/build/lib/my_py_pkg
[1.159s] running install
[1.164s] running install_lib
[1.184s] creating /home/helal/ARTPARK_Assignment/Task 1/ros2_ws/install/my_py_pkg/lib/python3.12/site-packages/my_py_pkg
[1.184s] copying /home/helal/ARTPARK_Assignment/Task 1/ros2_ws/build/my_py_pkg/build/lib/my_py_pkg/publisher_node.py -> /home/helal/ARTPARK_Assignment/Task 1/ros2_ws/install/my_py_pkg/lib/python3.12/site-packages/my_py_pkg
[1.185s] copying /home/helal/ARTPARK_Assignment/Task 1/ros2_ws/build/my_py_pkg/build/lib/my_py_pkg/subscriber_node.py -> /home/helal/ARTPARK_Assignment/Task 1/ros2_ws/install/my_py_pkg/lib/python3.12/site-packages/my_py_pkg
[1.185s] copying /home/helal/ARTPARK_Assignment/Task 1/ros2_ws/build/my_py_pkg/build/lib/my_py_pkg/__init__.py -> /home/helal/ARTPARK_Assignment/Task 1/ros2_ws/install/my_py_pkg/lib/python3.12/site-packages/my_py_pkg
[1.185s] byte-compiling /home/helal/ARTPARK_Assignment/Task 1/ros2_ws/install/my_py_pkg/lib/python3.12/site-packages/my_py_pkg/publisher_node.py to publisher_node.cpython-312.pyc
[1.185s] byte-compiling /home/helal/ARTPARK_Assignment/Task 1/ros2_ws/install/my_py_pkg/lib/python3.12/site-packages/my_py_pkg/subscriber_node.py to subscriber_node.cpython-312.pyc
[1.186s] byte-compiling /home/helal/ARTPARK_Assignment/Task 1/ros2_ws/install/my_py_pkg/lib/python3.12/site-packages/my_py_pkg/__init__.py to __init__.cpython-312.pyc
[1.186s] running install_data
[1.186s] creating /home/helal/ARTPARK_Assignment/Task 1/ros2_ws/install/my_py_pkg/share/ament_index
[1.186s] creating /home/helal/ARTPARK_Assignment/Task 1/ros2_ws/install/my_py_pkg/share/ament_index/resource_index
[1.186s] creating /home/helal/ARTPARK_Assignment/Task 1/ros2_ws/install/my_py_pkg/share/ament_index/resource_index/packages
[1.186s] copying resource/my_py_pkg -> /home/helal/ARTPARK_Assignment/Task 1/ros2_ws/install/my_py_pkg/share/ament_index/resource_index/packages
[1.186s] copying package.xml -> /home/helal/ARTPARK_Assignment/Task 1/ros2_ws/install/my_py_pkg/share/my_py_pkg
[1.186s] running install_egg_info
[1.208s] Copying ../../build/my_py_pkg/my_py_pkg.egg-info to /home/helal/ARTPARK_Assignment/Task 1/ros2_ws/install/my_py_pkg/lib/python3.12/site-packages/my_py_pkg-0.0.0-py3.12.egg-info
[1.208s] running install_scripts
[1.349s] Installing listener_node script to /home/helal/ARTPARK_Assignment/Task 1/ros2_ws/install/my_py_pkg/lib/my_py_pkg
[1.349s] Installing publisher_node script to /home/helal/ARTPARK_Assignment/Task 1/ros2_ws/install/my_py_pkg/lib/my_py_pkg
[1.349s] writing list of installed files to '/home/helal/ARTPARK_Assignment/Task 1/ros2_ws/build/my_py_pkg/install.log'
[1.373s] Invoked command in '/home/helal/ARTPARK_Assignment/Task 1/ros2_ws/src/my_py_pkg' returned '0': DEBUGINFOD_URLS=https://debuginfod.ubuntu.com PYTHONPATH=/home/helal/ARTPARK_Assignment/Task 1/ros2_ws/build/my_py_pkg/prefix_override:/usr/lib/python3/dist-packages/colcon_core/task/python/colcon_distutils_commands:/home/helal/ARTPARK_Assignment/Task 1/ros2_ws/install/my_py_pkg/lib/python3.12/site-packages:${PYTHONPATH} /usr/bin/python3 -W ignore:setup.py install is deprecated setup.py egg_info --egg-base ../../build/my_py_pkg build --build-base /home/helal/ARTPARK_Assignment/Task 1/ros2_ws/build/my_py_pkg/build install --record /home/helal/ARTPARK_Assignment/Task 1/ros2_ws/build/my_py_pkg/install.log --single-version-externally-managed install_data
