[1.001s] Invoking command in '/home/yousef/ARTPARK_Assignment/Task 1/ros2_ws/src/my_py_pkg': DEBUGINFOD_URLS=https://debuginfod.ubuntu.com PYTHONPATH=/home/yousef/ARTPARK_Assignment/Task 1/ros2_ws/build/my_py_pkg/prefix_override:/usr/lib/python3/dist-packages/colcon_core/task/python/colcon_distutils_commands:/home/yousef/ARTPARK_Assignment/Task 1/ros2_ws/install/my_py_pkg/lib/python3.12/site-packages:${PYTHONPATH} /usr/bin/python3 -W ignore:setup.py install is deprecated -W ignore:easy_install command is deprecated setup.py egg_info --egg-base ../../build/my_py_pkg build --build-base /home/yousef/ARTPARK_Assignment/Task 1/ros2_ws/build/my_py_pkg/build install --record /home/yousef/ARTPARK_Assignment/Task 1/ros2_ws/build/my_py_pkg/install.log --single-version-externally-managed install_data
[1.337s] running egg_info
[1.337s] creating ../../build/my_py_pkg/my_py_pkg.egg-info
[1.364s] writing ../../build/my_py_pkg/my_py_pkg.egg-info/PKG-INFO
[1.364s] writing dependency_links to ../../build/my_py_pkg/my_py_pkg.egg-info/dependency_links.txt
[1.364s] writing entry points to ../../build/my_py_pkg/my_py_pkg.egg-info/entry_points.txt
[1.364s] writing requirements to ../../build/my_py_pkg/my_py_pkg.egg-info/requires.txt
[1.365s] writing top-level names to ../../build/my_py_pkg/my_py_pkg.egg-info/top_level.txt
[1.365s] writing manifest file '../../build/my_py_pkg/my_py_pkg.egg-info/SOURCES.txt'
[1.419s] reading manifest file '../../build/my_py_pkg/my_py_pkg.egg-info/SOURCES.txt'
[1.419s] adding license file 'LICENSE'
[1.420s] writing manifest file '../../build/my_py_pkg/my_py_pkg.egg-info/SOURCES.txt'
[1.420s] running build
[1.420s] running build_py
[1.420s] creating /home/yousef/ARTPARK_Assignment/Task 1/ros2_ws/build/my_py_pkg/build
[1.420s] creating /home/yousef/ARTPARK_Assignment/Task 1/ros2_ws/build/my_py_pkg/build/lib
[1.421s] creating /home/yousef/ARTPARK_Assignment/Task 1/ros2_ws/build/my_py_pkg/build/lib/my_py_pkg
[1.421s] copying my_py_pkg/publisher_node.py -> /home/yousef/ARTPARK_Assignment/Task 1/ros2_ws/build/my_py_pkg/build/lib/my_py_pkg
[1.421s] copying my_py_pkg/__init__.py -> /home/yousef/ARTPARK_Assignment/Task 1/ros2_ws/build/my_py_pkg/build/lib/my_py_pkg
[1.421s] running install
[1.428s] running install_lib
[1.456s] creating /home/yousef/ARTPARK_Assignment/Task 1/ros2_ws/install/my_py_pkg/lib/python3.12/site-packages/my_py_pkg
[1.457s] copying /home/yousef/ARTPARK_Assignment/Task 1/ros2_ws/build/my_py_pkg/build/lib/my_py_pkg/publisher_node.py -> /home/yousef/ARTPARK_Assignment/Task 1/ros2_ws/install/my_py_pkg/lib/python3.12/site-packages/my_py_pkg
[1.457s] copying /home/yousef/ARTPARK_Assignment/Task 1/ros2_ws/build/my_py_pkg/build/lib/my_py_pkg/__init__.py -> /home/yousef/ARTPARK_Assignment/Task 1/ros2_ws/install/my_py_pkg/lib/python3.12/site-packages/my_py_pkg
[1.457s] byte-compiling /home/yousef/ARTPARK_Assignment/Task 1/ros2_ws/install/my_py_pkg/lib/python3.12/site-packages/my_py_pkg/publisher_node.py to publisher_node.cpython-312.pyc
[1.458s] byte-compiling /home/yousef/ARTPARK_Assignment/Task 1/ros2_ws/install/my_py_pkg/lib/python3.12/site-packages/my_py_pkg/__init__.py to __init__.cpython-312.pyc
[1.458s] running install_data
[1.458s] creating /home/yousef/ARTPARK_Assignment/Task 1/ros2_ws/install/my_py_pkg/share/ament_index
[1.458s] creating /home/yousef/ARTPARK_Assignment/Task 1/ros2_ws/install/my_py_pkg/share/ament_index/resource_index
[1.459s] creating /home/yousef/ARTPARK_Assignment/Task 1/ros2_ws/install/my_py_pkg/share/ament_index/resource_index/packages
[1.459s] copying resource/my_py_pkg -> /home/yousef/ARTPARK_Assignment/Task 1/ros2_ws/install/my_py_pkg/share/ament_index/resource_index/packages
[1.459s] copying package.xml -> /home/yousef/ARTPARK_Assignment/Task 1/ros2_ws/install/my_py_pkg/share/my_py_pkg
[1.459s] running install_egg_info
[1.489s] Copying ../../build/my_py_pkg/my_py_pkg.egg-info to /home/yousef/ARTPARK_Assignment/Task 1/ros2_ws/install/my_py_pkg/lib/python3.12/site-packages/my_py_pkg-0.0.0-py3.12.egg-info
[1.490s] running install_scripts
[1.664s] Installing publisher_node script to /home/yousef/ARTPARK_Assignment/Task 1/ros2_ws/install/my_py_pkg/lib/my_py_pkg
[1.664s] writing list of installed files to '/home/yousef/ARTPARK_Assignment/Task 1/ros2_ws/build/my_py_pkg/install.log'
[1.698s] Invoked command in '/home/yousef/ARTPARK_Assignment/Task 1/ros2_ws/src/my_py_pkg' returned '0': DEBUGINFOD_URLS=https://debuginfod.ubuntu.com PYTHONPATH=/home/yousef/ARTPARK_Assignment/Task 1/ros2_ws/build/my_py_pkg/prefix_override:/usr/lib/python3/dist-packages/colcon_core/task/python/colcon_distutils_commands:/home/yousef/ARTPARK_Assignment/Task 1/ros2_ws/install/my_py_pkg/lib/python3.12/site-packages:${PYTHONPATH} /usr/bin/python3 -W ignore:setup.py install is deprecated -W ignore:easy_install command is deprecated setup.py egg_info --egg-base ../../build/my_py_pkg build --build-base /home/yousef/ARTPARK_Assignment/Task 1/ros2_ws/build/my_py_pkg/build install --record /home/yousef/ARTPARK_Assignment/Task 1/ros2_ws/build/my_py_pkg/install.log --single-version-externally-managed install_data
