running egg_info
creating ../../build/simulation_pkg/simulation_pkg.egg-info
writing ../../build/simulation_pkg/simulation_pkg.egg-info/PKG-INFO
writing dependency_links to ../../build/simulation_pkg/simulation_pkg.egg-info/dependency_links.txt
writing entry points to ../../build/simulation_pkg/simulation_pkg.egg-info/entry_points.txt
writing requirements to ../../build/simulation_pkg/simulation_pkg.egg-info/requires.txt
writing top-level names to ../../build/simulation_pkg/simulation_pkg.egg-info/top_level.txt
writing manifest file '../../build/simulation_pkg/simulation_pkg.egg-info/SOURCES.txt'
reading manifest file '../../build/simulation_pkg/simulation_pkg.egg-info/SOURCES.txt'
writing manifest file '../../build/simulation_pkg/simulation_pkg.egg-info/SOURCES.txt'
running build
running build_py
creating /home/yousef/ARTPARK_Assignment/Task2/ros2_ws/build/simulation_pkg/build
creating /home/yousef/ARTPARK_Assignment/Task2/ros2_ws/build/simulation_pkg/build/lib
creating /home/yousef/ARTPARK_Assignment/Task2/ros2_ws/build/simulation_pkg/build/lib/simulation_pkg
copying simulation_pkg/__init__.py -> /home/yousef/ARTPARK_Assignment/Task2/ros2_ws/build/simulation_pkg/build/lib/simulation_pkg
copying simulation_pkg/robot_state_publisher.py -> /home/yousef/ARTPARK_Assignment/Task2/ros2_ws/build/simulation_pkg/build/lib/simulation_pkg
running install
running install_lib
creating /home/yousef/ARTPARK_Assignment/Task2/ros2_ws/install/simulation_pkg/lib/python3.12/site-packages/simulation_pkg
copying /home/yousef/ARTPARK_Assignment/Task2/ros2_ws/build/simulation_pkg/build/lib/simulation_pkg/__init__.py -> /home/yousef/ARTPARK_Assignment/Task2/ros2_ws/install/simulation_pkg/lib/python3.12/site-packages/simulation_pkg
copying /home/yousef/ARTPARK_Assignment/Task2/ros2_ws/build/simulation_pkg/build/lib/simulation_pkg/robot_state_publisher.py -> /home/yousef/ARTPARK_Assignment/Task2/ros2_ws/install/simulation_pkg/lib/python3.12/site-packages/simulation_pkg
byte-compiling /home/yousef/ARTPARK_Assignment/Task2/ros2_ws/install/simulation_pkg/lib/python3.12/site-packages/simulation_pkg/__init__.py to __init__.cpython-312.pyc
byte-compiling /home/yousef/ARTPARK_Assignment/Task2/ros2_ws/install/simulation_pkg/lib/python3.12/site-packages/simulation_pkg/robot_state_publisher.py to robot_state_publisher.cpython-312.pyc
running install_data
creating /home/yousef/ARTPARK_Assignment/Task2/ros2_ws/install/simulation_pkg/share/ament_index
creating /home/yousef/ARTPARK_Assignment/Task2/ros2_ws/install/simulation_pkg/share/ament_index/resource_index
error: can't copy 'resource/simulation_pkg': doesn't exist or not a regular file
creating /home/yousef/ARTPARK_Assignment/Task2/ros2_ws/install/simulation_pkg/share/ament_index/resource_index/packages
