[1.063s] Invoking command in '/home/yousef/ARTPARK_Assignment/Task 1/ros2_ws/src/my_py_pkg': DEBUGINFOD_URLS=https://debuginfod.ubuntu.com PYTHONPATH=/home/yousef/ARTPARK_Assignment/Task 1/ros2_ws/build/my_py_pkg/prefix_override:/usr/lib/python3/dist-packages/colcon_core/task/python/colcon_distutils_commands:/home/yousef/ARTPARK_Assignment/Task 1/ros2_ws/install/my_py_pkg/lib/python3.12/site-packages:${PYTHONPATH} /usr/bin/python3 -W ignore:setup.py install is deprecated -W ignore:easy_install command is deprecated setup.py egg_info --egg-base ../../build/my_py_pkg build --build-base /home/yousef/ARTPARK_Assignment/Task 1/ros2_ws/build/my_py_pkg/build install --record /home/yousef/ARTPARK_Assignment/Task 1/ros2_ws/build/my_py_pkg/install.log --single-version-externally-managed install_data
[1.402s] running egg_info
[1.429s] writing ../../build/my_py_pkg/my_py_pkg.egg-info/PKG-INFO
[1.429s] writing dependency_links to ../../build/my_py_pkg/my_py_pkg.egg-info/dependency_links.txt
[1.430s] writing entry points to ../../build/my_py_pkg/my_py_pkg.egg-info/entry_points.txt
[1.430s] writing requirements to ../../build/my_py_pkg/my_py_pkg.egg-info/requires.txt
[1.430s] writing top-level names to ../../build/my_py_pkg/my_py_pkg.egg-info/top_level.txt
[1.486s] reading manifest file '../../build/my_py_pkg/my_py_pkg.egg-info/SOURCES.txt'
[1.486s] adding license file 'LICENSE'
[1.487s] writing manifest file '../../build/my_py_pkg/my_py_pkg.egg-info/SOURCES.txt'
[1.487s] running build
[1.487s] running build_py
[1.487s] copying my_py_pkg/publisher_node.py -> /home/yousef/ARTPARK_Assignment/Task 1/ros2_ws/build/my_py_pkg/build/lib/my_py_pkg
[1.488s] running install
[1.495s] running install_lib
[1.522s] copying /home/yousef/ARTPARK_Assignment/Task 1/ros2_ws/build/my_py_pkg/build/lib/my_py_pkg/publisher_node.py -> /home/yousef/ARTPARK_Assignment/Task 1/ros2_ws/install/my_py_pkg/lib/python3.12/site-packages/my_py_pkg
[1.523s] byte-compiling /home/yousef/ARTPARK_Assignment/Task 1/ros2_ws/install/my_py_pkg/lib/python3.12/site-packages/my_py_pkg/publisher_node.py to publisher_node.cpython-312.pyc
[1.524s] running install_data
[1.524s] running install_egg_info
[1.552s] removing '/home/yousef/ARTPARK_Assignment/Task 1/ros2_ws/install/my_py_pkg/lib/python3.12/site-packages/my_py_pkg-0.0.0-py3.12.egg-info' (and everything under it)
[1.553s] Copying ../../build/my_py_pkg/my_py_pkg.egg-info to /home/yousef/ARTPARK_Assignment/Task 1/ros2_ws/install/my_py_pkg/lib/python3.12/site-packages/my_py_pkg-0.0.0-py3.12.egg-info
[1.554s] running install_scripts
[1.751s] Installing listener_node script to /home/yousef/ARTPARK_Assignment/Task 1/ros2_ws/install/my_py_pkg/lib/my_py_pkg
[1.751s] Installing publisher_node script to /home/yousef/ARTPARK_Assignment/Task 1/ros2_ws/install/my_py_pkg/lib/my_py_pkg
[1.752s] writing list of installed files to '/home/yousef/ARTPARK_Assignment/Task 1/ros2_ws/build/my_py_pkg/install.log'
[1.789s] Invoked command in '/home/yousef/ARTPARK_Assignment/Task 1/ros2_ws/src/my_py_pkg' returned '0': DEBUGINFOD_URLS=https://debuginfod.ubuntu.com PYTHONPATH=/home/yousef/ARTPARK_Assignment/Task 1/ros2_ws/build/my_py_pkg/prefix_override:/usr/lib/python3/dist-packages/colcon_core/task/python/colcon_distutils_commands:/home/yousef/ARTPARK_Assignment/Task 1/ros2_ws/install/my_py_pkg/lib/python3.12/site-packages:${PYTHONPATH} /usr/bin/python3 -W ignore:setup.py install is deprecated -W ignore:easy_install command is deprecated setup.py egg_info --egg-base ../../build/my_py_pkg build --build-base /home/yousef/ARTPARK_Assignment/Task 1/ros2_ws/build/my_py_pkg/build install --record /home/yousef/ARTPARK_Assignment/Task 1/ros2_ws/build/my_py_pkg/install.log --single-version-externally-managed install_data
