[1.008s] Invoking command in '/home/yousef/ARTPARK_Assignment/Task2/ros2_ws/src/simulation_pkg_pkg': DEBUGINFOD_URLS=https://debuginfod.ubuntu.com PYTHONPATH=/home/yousef/ARTPARK_Assignment/Task2/ros2_ws/build/sum_pkg/prefix_override:/usr/lib/python3/dist-packages/colcon_core/task/python/colcon_distutils_commands:/home/yousef/ARTPARK_Assignment/Task2/ros2_ws/install/sum_pkg/lib/python3.12/site-packages:${PYTHONPATH} /usr/bin/python3 -W ignore:setup.py install is deprecated -W ignore:easy_install command is deprecated setup.py egg_info --egg-base ../../build/sum_pkg build --build-base /home/yousef/ARTPARK_Assignment/Task2/ros2_ws/build/sum_pkg/build install --record /home/yousef/ARTPARK_Assignment/Task2/ros2_ws/build/sum_pkg/install.log --single-version-externally-managed install_data
[1.339s] running egg_info
[1.339s] creating ../../build/sum_pkg/simulation_pkg.egg-info
[1.364s] writing ../../build/sum_pkg/simulation_pkg.egg-info/PKG-INFO
[1.365s] writing dependency_links to ../../build/sum_pkg/simulation_pkg.egg-info/dependency_links.txt
[1.365s] writing entry points to ../../build/sum_pkg/simulation_pkg.egg-info/entry_points.txt
[1.365s] writing requirements to ../../build/sum_pkg/simulation_pkg.egg-info/requires.txt
[1.365s] writing top-level names to ../../build/sum_pkg/simulation_pkg.egg-info/top_level.txt
[1.365s] writing manifest file '../../build/sum_pkg/simulation_pkg.egg-info/SOURCES.txt'
[1.418s] reading manifest file '../../build/sum_pkg/simulation_pkg.egg-info/SOURCES.txt'
[1.419s] writing manifest file '../../build/sum_pkg/simulation_pkg.egg-info/SOURCES.txt'
[1.419s] running build
[1.419s] running build_py
[1.419s] creating /home/yousef/ARTPARK_Assignment/Task2/ros2_ws/build/sum_pkg/build
[1.420s] creating /home/yousef/ARTPARK_Assignment/Task2/ros2_ws/build/sum_pkg/build/lib
[1.420s] creating /home/yousef/ARTPARK_Assignment/Task2/ros2_ws/build/sum_pkg/build/lib/simulation_pkg
[1.420s] copying simulation_pkg/__init__.py -> /home/yousef/ARTPARK_Assignment/Task2/ros2_ws/build/sum_pkg/build/lib/simulation_pkg
[1.420s] copying simulation_pkg/robot_state_publisher.py -> /home/yousef/ARTPARK_Assignment/Task2/ros2_ws/build/sum_pkg/build/lib/simulation_pkg
[1.420s] running install
[1.427s] running install_lib
[1.453s] creating /home/yousef/ARTPARK_Assignment/Task2/ros2_ws/install/sum_pkg/lib/python3.12/site-packages/simulation_pkg
[1.453s] copying /home/yousef/ARTPARK_Assignment/Task2/ros2_ws/build/sum_pkg/build/lib/simulation_pkg/__init__.py -> /home/yousef/ARTPARK_Assignment/Task2/ros2_ws/install/sum_pkg/lib/python3.12/site-packages/simulation_pkg
[1.454s] copying /home/yousef/ARTPARK_Assignment/Task2/ros2_ws/build/sum_pkg/build/lib/simulation_pkg/robot_state_publisher.py -> /home/yousef/ARTPARK_Assignment/Task2/ros2_ws/install/sum_pkg/lib/python3.12/site-packages/simulation_pkg
[1.454s] byte-compiling /home/yousef/ARTPARK_Assignment/Task2/ros2_ws/install/sum_pkg/lib/python3.12/site-packages/simulation_pkg/__init__.py to __init__.cpython-312.pyc
[1.454s] byte-compiling /home/yousef/ARTPARK_Assignment/Task2/ros2_ws/install/sum_pkg/lib/python3.12/site-packages/simulation_pkg/robot_state_publisher.py to robot_state_publisher.cpython-312.pyc
[1.455s] running install_data
[1.455s] error: can't copy 'resource/simulation_pkg': doesn't exist or not a regular file
[1.485s] Invoked command in '/home/yousef/ARTPARK_Assignment/Task2/ros2_ws/src/simulation_pkg_pkg' returned '1': DEBUGINFOD_URLS=https://debuginfod.ubuntu.com PYTHONPATH=/home/yousef/ARTPARK_Assignment/Task2/ros2_ws/build/sum_pkg/prefix_override:/usr/lib/python3/dist-packages/colcon_core/task/python/colcon_distutils_commands:/home/yousef/ARTPARK_Assignment/Task2/ros2_ws/install/sum_pkg/lib/python3.12/site-packages:${PYTHONPATH} /usr/bin/python3 -W ignore:setup.py install is deprecated -W ignore:easy_install command is deprecated setup.py egg_info --egg-base ../../build/sum_pkg build --build-base /home/yousef/ARTPARK_Assignment/Task2/ros2_ws/build/sum_pkg/build install --record /home/yousef/ARTPARK_Assignment/Task2/ros2_ws/build/sum_pkg/install.log --single-version-externally-managed install_data
