[1.016s] Invoking command in '/home/yousef/ARTPARK_Assignment/Task 1/ros2_ws/src/my_py_pkg': DEBUGINFOD_URLS=https://debuginfod.ubuntu.com PYTHONPATH=/home/yousef/ARTPARK_Assignment/Task 1/ros2_ws/build/my_py_pkg/prefix_override:/usr/lib/python3/dist-packages/colcon_core/task/python/colcon_distutils_commands:/home/yousef/ARTPARK_Assignment/Task 1/ros2_ws/install/my_py_pkg/lib/python3.12/site-packages:${PYTHONPATH} /usr/bin/python3 -W ignore:setup.py install is deprecated -W ignore:easy_install command is deprecated setup.py egg_info --egg-base ../../build/my_py_pkg build --build-base /home/yousef/ARTPARK_Assignment/Task 1/ros2_ws/build/my_py_pkg/build install --record /home/yousef/ARTPARK_Assignment/Task 1/ros2_ws/build/my_py_pkg/install.log --single-version-externally-managed install_data
[1.353s] running egg_info
[1.379s] writing ../../build/my_py_pkg/my_py_pkg.egg-info/PKG-INFO
[1.380s] writing dependency_links to ../../build/my_py_pkg/my_py_pkg.egg-info/dependency_links.txt
[1.380s] writing entry points to ../../build/my_py_pkg/my_py_pkg.egg-info/entry_points.txt
[1.380s] writing requirements to ../../build/my_py_pkg/my_py_pkg.egg-info/requires.txt
[1.380s] writing top-level names to ../../build/my_py_pkg/my_py_pkg.egg-info/top_level.txt
[1.438s] reading manifest file '../../build/my_py_pkg/my_py_pkg.egg-info/SOURCES.txt'
[1.438s] adding license file 'LICENSE'
[1.439s] writing manifest file '../../build/my_py_pkg/my_py_pkg.egg-info/SOURCES.txt'
[1.439s] running build
[1.439s] running build_py
[1.440s] running install
[1.453s] running install_lib
[1.495s] running install_data
[1.496s] running install_egg_info
[1.541s] removing '/home/yousef/ARTPARK_Assignment/Task 1/ros2_ws/install/my_py_pkg/lib/python3.12/site-packages/my_py_pkg-0.0.0-py3.12.egg-info' (and everything under it)
[1.541s] Copying ../../build/my_py_pkg/my_py_pkg.egg-info to /home/yousef/ARTPARK_Assignment/Task 1/ros2_ws/install/my_py_pkg/lib/python3.12/site-packages/my_py_pkg-0.0.0-py3.12.egg-info
[1.542s] running install_scripts
[1.741s] Installing publisher_node script to /home/yousef/ARTPARK_Assignment/Task 1/ros2_ws/install/my_py_pkg/lib/my_py_pkg
[1.742s] writing list of installed files to '/home/yousef/ARTPARK_Assignment/Task 1/ros2_ws/build/my_py_pkg/install.log'
[1.774s] Invoked command in '/home/yousef/ARTPARK_Assignment/Task 1/ros2_ws/src/my_py_pkg' returned '0': DEBUGINFOD_URLS=https://debuginfod.ubuntu.com PYTHONPATH=/home/yousef/ARTPARK_Assignment/Task 1/ros2_ws/build/my_py_pkg/prefix_override:/usr/lib/python3/dist-packages/colcon_core/task/python/colcon_distutils_commands:/home/yousef/ARTPARK_Assignment/Task 1/ros2_ws/install/my_py_pkg/lib/python3.12/site-packages:${PYTHONPATH} /usr/bin/python3 -W ignore:setup.py install is deprecated -W ignore:easy_install command is deprecated setup.py egg_info --egg-base ../../build/my_py_pkg build --build-base /home/yousef/ARTPARK_Assignment/Task 1/ros2_ws/build/my_py_pkg/build install --record /home/yousef/ARTPARK_Assignment/Task 1/ros2_ws/build/my_py_pkg/install.log --single-version-externally-managed install_data
