[1.060s] Invoking command in '/home/yousef/ARTPARK_Assignment/Task 1/ros2_ws/src/my_py_pkg': DEBUGINFOD_URLS=https://debuginfod.ubuntu.com PYTHONPATH=/home/yousef/ARTPARK_Assignment/Task 1/ros2_ws/build/my_py_pkg/prefix_override:/usr/lib/python3/dist-packages/colcon_core/task/python/colcon_distutils_commands:/home/yousef/ARTPARK_Assignment/Task 1/ros2_ws/install/my_py_pkg/lib/python3.12/site-packages:${PYTHONPATH} /usr/bin/python3 -W ignore:setup.py install is deprecated -W ignore:easy_install command is deprecated setup.py egg_info --egg-base ../../build/my_py_pkg build --build-base /home/yousef/ARTPARK_Assignment/Task 1/ros2_ws/build/my_py_pkg/build install --record /home/yousef/ARTPARK_Assignment/Task 1/ros2_ws/build/my_py_pkg/install.log --single-version-externally-managed install_data
[1.398s] running egg_info
[1.427s] writing ../../build/my_py_pkg/my_py_pkg.egg-info/PKG-INFO
[1.427s] writing dependency_links to ../../build/my_py_pkg/my_py_pkg.egg-info/dependency_links.txt
[1.427s] writing entry points to ../../build/my_py_pkg/my_py_pkg.egg-info/entry_points.txt
[1.427s] writing requirements to ../../build/my_py_pkg/my_py_pkg.egg-info/requires.txt
[1.428s] writing top-level names to ../../build/my_py_pkg/my_py_pkg.egg-info/top_level.txt
[1.482s] reading manifest file '../../build/my_py_pkg/my_py_pkg.egg-info/SOURCES.txt'
[1.482s] adding license file 'LICENSE'
[1.483s] writing manifest file '../../build/my_py_pkg/my_py_pkg.egg-info/SOURCES.txt'
[1.484s] running build
[1.484s] running build_py
[1.484s] copying my_py_pkg/publisher_node.py -> /home/yousef/ARTPARK_Assignment/Task 1/ros2_ws/build/my_py_pkg/build/lib/my_py_pkg
[1.484s] running install
[1.492s] running install_lib
[1.521s] copying /home/yousef/ARTPARK_Assignment/Task 1/ros2_ws/build/my_py_pkg/build/lib/my_py_pkg/publisher_node.py -> /home/yousef/ARTPARK_Assignment/Task 1/ros2_ws/install/my_py_pkg/lib/python3.12/site-packages/my_py_pkg
[1.522s] byte-compiling /home/yousef/ARTPARK_Assignment/Task 1/ros2_ws/install/my_py_pkg/lib/python3.12/site-packages/my_py_pkg/publisher_node.py to publisher_node.cpython-312.pyc
[1.523s] running install_data
[1.523s] running install_egg_info
[1.551s] removing '/home/yousef/ARTPARK_Assignment/Task 1/ros2_ws/install/my_py_pkg/lib/python3.12/site-packages/my_py_pkg-0.0.0-py3.12.egg-info' (and everything under it)
[1.552s] Copying ../../build/my_py_pkg/my_py_pkg.egg-info to /home/yousef/ARTPARK_Assignment/Task 1/ros2_ws/install/my_py_pkg/lib/python3.12/site-packages/my_py_pkg-0.0.0-py3.12.egg-info
[1.553s] running install_scripts
[1.722s] Installing listener_node script to /home/yousef/ARTPARK_Assignment/Task 1/ros2_ws/install/my_py_pkg/lib/my_py_pkg
[1.722s] Installing publisher_node script to /home/yousef/ARTPARK_Assignment/Task 1/ros2_ws/install/my_py_pkg/lib/my_py_pkg
[1.723s] writing list of installed files to '/home/yousef/ARTPARK_Assignment/Task 1/ros2_ws/build/my_py_pkg/install.log'
[1.768s] Invoked command in '/home/yousef/ARTPARK_Assignment/Task 1/ros2_ws/src/my_py_pkg' returned '0': DEBUGINFOD_URLS=https://debuginfod.ubuntu.com PYTHONPATH=/home/yousef/ARTPARK_Assignment/Task 1/ros2_ws/build/my_py_pkg/prefix_override:/usr/lib/python3/dist-packages/colcon_core/task/python/colcon_distutils_commands:/home/yousef/ARTPARK_Assignment/Task 1/ros2_ws/install/my_py_pkg/lib/python3.12/site-packages:${PYTHONPATH} /usr/bin/python3 -W ignore:setup.py install is deprecated -W ignore:easy_install command is deprecated setup.py egg_info --egg-base ../../build/my_py_pkg build --build-base /home/yousef/ARTPARK_Assignment/Task 1/ros2_ws/build/my_py_pkg/build install --record /home/yousef/ARTPARK_Assignment/Task 1/ros2_ws/build/my_py_pkg/install.log --single-version-externally-managed install_data
